<?xml version="1.0" encoding="UTF-8"?>
<!-- Generated by org.testng.reporters.JUnitReportReporter -->
<testsuite skipped="0" hostname="DESKTOP-K5R66T9" name="capturescreenshot.Ultimatix" tests="1" failures="0" timestamp="22 Dec 2018 07:05:48 GMT" time="11.198" errors="0">
  <testcase name="ultimatixlogin" time="11.198" classname="capturescreenshot.Ultimatix"/>
</testsuite> <!-- capturescreenshot.Ultimatix -->
