<?xml version="1.0" encoding="UTF-8"?>
<!-- Generated by org.testng.reporters.JUnitReportReporter -->
<testsuite skipped="0" hostname="DESKTOP-K5R66T9" name="capturescreenshot.facebooklogin" tests="1" failures="0" timestamp="16 Dec 2018 07:32:34 GMT" time="46.061" errors="0">
  <testcase name="mylog" time="46.061" classname="capturescreenshot.facebooklogin"/>
</testsuite> <!-- capturescreenshot.facebooklogin -->
